<?xml version="1.0" encoding="UTF-8"?>
<!-- Generated by org.testng.reporters.JUnitXMLReporter -->
<testsuite ignored="0" hostname="KirthanMalepu" failures="0" tests="3" name="Default test" time="18.356" errors="0" timestamp="2024-07-11T23:18:15 IST">
  <testcase classname="TestNgParam.ParallelTestsDemo" name="testlogo" time="0.813"/>
  <testcase classname="TestNgParam.ParallelTestsDemo" name="testTitle" time="0.039"/>
  <testcase classname="TestNgParam.ParallelTestsDemo" name="testUrl" time="0.039"/>
</testsuite> <!-- Default test -->
