<?xml version="1.0" encoding="UTF-8"?>
<!-- Generated by org.testng.reporters.JUnitXMLReporter -->
<testsuite ignored="6" hostname="KirthanMalepu" failures="0" tests="2" name="GroupingTest" time="0.21" errors="0" timestamp="2024-07-06T23:57:14 IST">
  <testcase classname="TestNGGrouping.PaymentTests" name="PaymentInRupees" time="0.047"/>
  <testcase classname="TestNGGrouping.PaymentTests" name="PaymentInDollar" time="0.005"/>
  <testcase classname="TestNGGrouping.SignUpTests" name="SignUpByIndeed" time="0.0">
    <ignored/>
  </testcase> <!-- SignUpByIndeed -->
  <testcase classname="TestNGGrouping.SignUpTests" name="SignUpByEmail" time="0.0">
    <ignored/>
  </testcase> <!-- SignUpByEmail -->
  <testcase classname="TestNGGrouping.LoginTests" name="loginByEmail" time="0.0">
    <ignored/>
  </testcase> <!-- loginByEmail -->
  <testcase classname="TestNGGrouping.LoginTests" name="loginByIndeed" time="0.0">
    <ignored/>
  </testcase> <!-- loginByIndeed -->
  <testcase classname="TestNGGrouping.LoginTests" name="loginByLinkedIn" time="0.0">
    <ignored/>
  </testcase> <!-- loginByLinkedIn -->
  <testcase classname="TestNGGrouping.SignUpTests" name="SignUpByLinkedIn" time="0.0">
    <ignored/>
  </testcase> <!-- SignUpByLinkedIn -->
</testsuite> <!-- GroupingTest -->
