<?xml version="1.0" encoding="UTF-8"?>
<!-- Generated by org.testng.reporters.JUnitXMLReporter -->
<testsuite ignored="0" hostname="KirthanMalepu" failures="0" tests="3" name="ChromeTest" time="13.179" errors="0" timestamp="2024-07-13T22:32:23 IST">
  <testcase classname="TestNgParam.ParallelTestsDemo" name="testlogo" time="2.908"/>
  <testcase classname="TestNgParam.ParallelTestsDemo" name="testTitle" time="0.045"/>
  <testcase classname="TestNgParam.ParallelTestsDemo" name="testUrl" time="0.033"/>
</testsuite> <!-- ChromeTest -->
