<?xml version="1.0" encoding="UTF-8"?>
<!-- Generated by org.testng.reporters.JUnitXMLReporter -->
<testsuite ignored="0" hostname="KirthanMalepu" failures="0" tests="3" name="EdgeTest" time="21.066" errors="0" timestamp="2024-07-13T22:32:31 IST">
  <testcase classname="TestNgParam.ParallelTestsDemo" name="testlogo" time="0.067"/>
  <testcase classname="TestNgParam.ParallelTestsDemo" name="testTitle" time="0.015"/>
  <testcase classname="TestNgParam.ParallelTestsDemo" name="testUrl" time="0.012"/>
</testsuite> <!-- EdgeTest -->
