<?xml version="1.0" encoding="UTF-8"?>
<testng-results ignored="0" total="1" passed="1" failed="0" skipped="0">
  <reporter-output>
  </reporter-output>
  <suite started-at="2024-07-15T19:15:32 IST" name="Default suite" finished-at="2024-07-15T19:15:44 IST" duration-ms="11826">
    <groups>
    </groups>
    <test started-at="2024-07-15T19:15:32 IST" name="Default test" finished-at="2024-07-15T19:15:44 IST" duration-ms="11826">
      <class name="PageObjectModelPattern.LoginTest">
        <test-method is-config="true" signature="setup()[pri:0, instance:PageObjectModelPattern.LoginTest@7d8995e]" started-at="2024-07-15T19:15:32 IST" name="setup" finished-at="2024-07-15T19:15:42 IST" duration-ms="9739" status="PASS">
          <reporter-output>
          </reporter-output>
        </test-method> <!-- setup -->
        <test-method signature="testLogin()[pri:0, instance:PageObjectModelPattern.LoginTest@7d8995e]" started-at="2024-07-15T19:15:42 IST" name="testLogin" finished-at="2024-07-15T19:15:43 IST" duration-ms="1651" status="PASS">
          <reporter-output>
          </reporter-output>
        </test-method> <!-- testLogin -->
        <test-method is-config="true" signature="tearDown()[pri:0, instance:PageObjectModelPattern.LoginTest@7d8995e]" started-at="2024-07-15T19:15:43 IST" name="tearDown" finished-at="2024-07-15T19:15:44 IST" duration-ms="338" status="PASS">
          <reporter-output>
          </reporter-output>
        </test-method> <!-- tearDown -->
      </class> <!-- PageObjectModelPattern.LoginTest -->
    </test> <!-- Default test -->
  </suite> <!-- Default suite -->
</testng-results>
